Using pre-set license
Built from '2021.3/staging' branch; Version is '2021.3.24f1 (cf10dcf7010d) revision 13570268'; Using compiler version '192829333'; Build Type 'Release'
OS: 'Windows 11  (10.0.22000) 64bit Core' Language: 'en' Physical Memory: 32694 MB
BatchMode: 1, IsHumanControllingUs: 0, StartBugReporterOnCrash: 0, Is64bit: 1, IsPro: 1

COMMAND LINE ARGUMENTS:
C:\Program Files\Unity\Hub\Editor\2021.3.24f1\Editor\Unity.exe
-adb2
-batchMode
-noUpm
-name
AssetImportWorker0
-projectPath
C:/Users/yakub/OneDrive/Desktop/CaRPG/CaRPG/CaRPG
-logFile
Logs/AssetImportWorker0.log
-srvPort
61157
Successfully changed project path to: C:/Users/yakub/OneDrive/Desktop/CaRPG/CaRPG/CaRPG
C:/Users/yakub/OneDrive/Desktop/CaRPG/CaRPG/CaRPG
[UnityMemory] Configuration Parameters - Can be set up in boot.config
    "memorysetup-bucket-allocator-granularity=16"
    "memorysetup-bucket-allocator-bucket-count=8"
    "memorysetup-bucket-allocator-block-size=33554432"
    "memorysetup-bucket-allocator-block-count=8"
    "memorysetup-main-allocator-block-size=16777216"
    "memorysetup-thread-allocator-block-size=16777216"
    "memorysetup-gfx-main-allocator-block-size=16777216"
    "memorysetup-gfx-thread-allocator-block-size=16777216"
    "memorysetup-cache-allocator-block-size=4194304"
    "memorysetup-typetree-allocator-block-size=2097152"
    "memorysetup-profiler-bucket-allocator-granularity=16"
    "memorysetup-profiler-bucket-allocator-bucket-count=8"
    "memorysetup-profiler-bucket-allocator-block-size=33554432"
    "memorysetup-profiler-bucket-allocator-block-count=8"
    "memorysetup-profiler-allocator-block-size=16777216"
    "memorysetup-profiler-editor-allocator-block-size=1048576"
    "memorysetup-temp-allocator-size-main=16777216"
    "memorysetup-job-temp-allocator-block-size=2097152"
    "memorysetup-job-temp-allocator-block-size-background=1048576"
    "memorysetup-job-temp-allocator-reduction-small-platforms=262144"
    "memorysetup-temp-allocator-size-background-worker=32768"
    "memorysetup-temp-allocator-size-job-worker=262144"
    "memorysetup-temp-allocator-size-preload-manager=33554432"
    "memorysetup-temp-allocator-size-nav-mesh-worker=65536"
    "memorysetup-temp-allocator-size-audio-worker=65536"
    "memorysetup-temp-allocator-size-cloud-worker=32768"
    "memorysetup-temp-allocator-size-gi-baking-worker=262144"
    "memorysetup-temp-allocator-size-gfx=262144"
Player connection [10932] Host "[IP] 192.168.1.68 [Port] 0 [Flags] 2 [Guid] 1521417884 [EditorId] 1521417884 [Version] 1048832 [Id] WindowsEditor(7,Rasputia) [Debug] 1 [PackageName] WindowsEditor [ProjectName] Editor" joined multi-casting on [225.0.0.222:54997]...

Player connection [10932] Host "[IP] 192.168.1.68 [Port] 0 [Flags] 2 [Guid] 1521417884 [EditorId] 1521417884 [Version] 1048832 [Id] WindowsEditor(7,Rasputia) [Debug] 1 [PackageName] WindowsEditor [ProjectName] Editor" joined alternative multi-casting on [225.0.0.222:34997]...

Refreshing native plugins compatible for Editor in 55.82 ms, found 3 plugins.
Preloading 0 native plugins for Editor in 0.00 ms.
Initialize engine version: 2021.3.24f1 (cf10dcf7010d)
[Subsystems] Discovering subsystems at path C:/Program Files/Unity/Hub/Editor/2021.3.24f1/Editor/Data/Resources/UnitySubsystems
[Subsystems] Discovering subsystems at path C:/Users/yakub/OneDrive/Desktop/CaRPG/CaRPG/CaRPG/Assets
GfxDevice: creating device client; threaded=0; jobified=0
Direct3D:
    Version:  Direct3D 11.0 [level 11.1]
    Renderer: NVIDIA GeForce RTX 3070 Ti (ID=0x2482)
    Vendor:   NVIDIA
    VRAM:     8031 MB
    Driver:   31.0.15.2756
Initialize mono
Mono path[0] = 'C:/Program Files/Unity/Hub/Editor/2021.3.24f1/Editor/Data/Managed'
Mono path[1] = 'C:/Program Files/Unity/Hub/Editor/2021.3.24f1/Editor/Data/MonoBleedingEdge/lib/mono/unityjit-win32'
Mono config path = 'C:/Program Files/Unity/Hub/Editor/2021.3.24f1/Editor/Data/MonoBleedingEdge/etc'
Using monoOptions --debugger-agent=transport=dt_socket,embedding=1,server=y,suspend=n,address=127.0.0.1:56440
Begin MonoManager ReloadAssembly
Registering precompiled unity dll's ...
Register platform support module: C:/Program Files/Unity/Hub/Editor/2021.3.24f1/Editor/Data/PlaybackEngines/WindowsStandaloneSupport/UnityEditor.WindowsStandalone.Extensions.dll
Registered in 0.004335 seconds.
Native extension for WindowsStandalone target not found
Refreshing native plugins compatible for Editor in 53.06 ms, found 3 plugins.
Preloading 0 native plugins for Editor in 0.00 ms.
Mono: successfully reloaded assembly
- Completed reload, in  0.463 seconds
Domain Reload Profiling:
	ReloadAssembly (464ms)
		BeginReloadAssembly (65ms)
			ExecutionOrderSort (0ms)
			DisableScriptedObjects (0ms)
			BackupInstance (0ms)
			ReleaseScriptingObjects (0ms)
			CreateAndSetChildDomain (1ms)
		EndReloadAssembly (326ms)
			LoadAssemblies (63ms)
			RebuildTransferFunctionScriptingTraits (0ms)
			SetupTypeCache (71ms)
			ReleaseScriptCaches (0ms)
			RebuildScriptCaches (21ms)
			SetupLoadedEditorAssemblies (196ms)
				LogAssemblyErrors (0ms)
				InitializePlatformSupportModulesInManaged (6ms)
				SetLoadedEditorAssemblies (0ms)
				RefreshPlugins (53ms)
				BeforeProcessingInitializeOnLoad (1ms)
				ProcessInitializeOnLoadAttributes (101ms)
				ProcessInitializeOnLoadMethodAttributes (34ms)
				AfterProcessingInitializeOnLoad (0ms)
				EditorAssembliesLoaded (0ms)
			ExecutionOrderSort2 (0ms)
			AwakeInstancesAfterBackupRestoration (0ms)
Platform modules already initialized, skipping
Registering precompiled user dll's ...
Registered in 0.006673 seconds.
Begin MonoManager ReloadAssembly
Symbol file LoadedFromMemory doesn't match image C:\Users\yakub\OneDrive\Desktop\CaRPG\CaRPG\CaRPG\Library\PackageCache\com.unity.visualscripting@1.8.0\Editor\VisualScripting.Core\Dependencies\YamlDotNet\Unity.VisualScripting.YamlDotNet.dll
Symbol file LoadedFromMemory doesn't match image C:\Users\yakub\OneDrive\Desktop\CaRPG\CaRPG\CaRPG\Library\PackageCache\com.unity.visualscripting@1.8.0\Editor\VisualScripting.Core\Dependencies\DotNetZip\Unity.VisualScripting.IonicZip.dll
Native extension for WindowsStandalone target not found
Refreshing native plugins compatible for Editor in 0.63 ms, found 3 plugins.
Preloading 0 native plugins for Editor in 0.00 ms.
Mono: successfully reloaded assembly
- Completed reload, in  0.728 seconds
Domain Reload Profiling:
	ReloadAssembly (728ms)
		BeginReloadAssembly (92ms)
			ExecutionOrderSort (0ms)
			DisableScriptedObjects (5ms)
			BackupInstance (0ms)
			ReleaseScriptingObjects (0ms)
			CreateAndSetChildDomain (17ms)
		EndReloadAssembly (561ms)
			LoadAssemblies (71ms)
			RebuildTransferFunctionScriptingTraits (0ms)
			SetupTypeCache (181ms)
			ReleaseScriptCaches (1ms)
			RebuildScriptCaches (37ms)
			SetupLoadedEditorAssemblies (253ms)
				LogAssemblyErrors (0ms)
				InitializePlatformSupportModulesInManaged (4ms)
				SetLoadedEditorAssemblies (0ms)
				RefreshPlugins (1ms)
				BeforeProcessingInitializeOnLoad (61ms)
				ProcessInitializeOnLoadAttributes (167ms)
				ProcessInitializeOnLoadMethodAttributes (14ms)
				AfterProcessingInitializeOnLoad (6ms)
				EditorAssembliesLoaded (0ms)
			ExecutionOrderSort2 (0ms)
			AwakeInstancesAfterBackupRestoration (4ms)
Platform modules already initialized, skipping
========================================================================
Worker process is ready to serve import requests
Launched and connected shader compiler UnityShaderCompiler.exe after 0.04 seconds
Refreshing native plugins compatible for Editor in 0.60 ms, found 3 plugins.
Preloading 0 native plugins for Editor in 0.00 ms.
Unloading 3047 Unused Serialized files (Serialized files now loaded: 0)
Unloading 24 unused Assets / (113.4 KB). Loaded Objects now: 3507.
Memory consumption went from 107.5 MB to 107.4 MB.
Total: 2.424100 ms (FindLiveObjects: 0.233700 ms CreateObjectMapping: 0.066600 ms MarkObjects: 2.042600 ms  DeleteObjects: 0.080600 ms)

AssetImportParameters requested are different than current active one (requested -> active):
  custom:video-decoder-ogg-theora: a1e56fd34408186e4bbccfd4996cb3dc -> 
  custom:container-muxer-webm: aa71ff27fc2769a1b78a27578f13a17b -> 
  custom:container-demuxer-webm: 4f35f7cbe854078d1ac9338744f61a02 -> 
  custom:video-encoder-webm-vp8: eb34c28f22e8b96e1ab97ce403110664 -> 
  custom:video-codec-MediaFoundation-h265: 746d11721c4dcdbdad8f713fa42b33f4 -> 
  custom:audio-encoder-webm-vorbis: bf7c407c2cedff20999df2af8eb42d56 -> 
  custom:framework-win-MediaFoundation: 216162199b28c13a410421893ffa2e32 -> 
  custom:container-demuxer-ogg: 62fdf1f143b41e24485cea50d1cbac27 -> 
  custom:video-decoder-webm-vp8: 9c59270c3fd7afecdb556c50c9e8de78 -> 
  custom:audio-decoder-ogg-vorbis: bf7c407c2cedff20999df2af8eb42d56 -> 
========================================================================
Received Import Request.
  Time since last request: 1886215.040928 seconds.
  path: Assets/Scriptable Assets
  artifactKey: Guid(5446fe9c01de5c242830f835bf10b33f) Importer(815301076,1909f56bfc062723c751e8b465ee728b)
Start importing Assets/Scriptable Assets using Guid(5446fe9c01de5c242830f835bf10b33f) Importer(815301076,1909f56bfc062723c751e8b465ee728b)  -> (artifact id: '9b564efb883a9393f4ea8f443fa82433') in 0.008780 seconds 
========================================================================
Received Import Request.
  Time since last request: 9.805308 seconds.
  path: Assets/Objects
  artifactKey: Guid(19a60f79e4079b64b8dd531d8456b845) Importer(815301076,1909f56bfc062723c751e8b465ee728b)
Start importing Assets/Objects using Guid(19a60f79e4079b64b8dd531d8456b845) Importer(815301076,1909f56bfc062723c751e8b465ee728b)  -> (artifact id: '70a1610efe8a0de1a42233e914913c4a') in 0.003632 seconds 
========================================================================
Received Import Request.
  Time since last request: 5.937475 seconds.
  path: Assets/Art
  artifactKey: Guid(aadec76286f444941bc5bd50b8a73343) Importer(815301076,1909f56bfc062723c751e8b465ee728b)
Start importing Assets/Art using Guid(aadec76286f444941bc5bd50b8a73343) Importer(815301076,1909f56bfc062723c751e8b465ee728b)  -> (artifact id: 'b3e09c5b631b59e87840bb791f79cb69') in 0.003610 seconds 
========================================================================
Received Import Request.
  Time since last request: 8.235784 seconds.
  path: Assets/Art/Materials
  artifactKey: Guid(2b3597f5dc45ea942a906620415a3502) Importer(815301076,1909f56bfc062723c751e8b465ee728b)
Start importing Assets/Art/Materials using Guid(2b3597f5dc45ea942a906620415a3502) Importer(815301076,1909f56bfc062723c751e8b465ee728b)  -> (artifact id: '3f8d00a7b218f287287aa267ef244a3b') in 0.003538 seconds 
========================================================================
Received Import Request.
  Time since last request: 14.570424 seconds.
  path: Assets/Art/Backgrounds
  artifactKey: Guid(f42ff8d4a0f6de74b96c32e9f5ae3473) Importer(815301076,1909f56bfc062723c751e8b465ee728b)
Start importing Assets/Art/Backgrounds using Guid(f42ff8d4a0f6de74b96c32e9f5ae3473) Importer(815301076,1909f56bfc062723c751e8b465ee728b)  -> (artifact id: '85c5a975895e4f93c215e9b9f910f028') in 0.003472 seconds 
========================================================================
Received Import Request.
  Time since last request: 8.693768 seconds.
  path: Assets/Art/Audio
  artifactKey: Guid(bcca7f9e7a130424eb959705eb65c941) Importer(815301076,1909f56bfc062723c751e8b465ee728b)
Start importing Assets/Art/Audio using Guid(bcca7f9e7a130424eb959705eb65c941) Importer(815301076,1909f56bfc062723c751e8b465ee728b)  -> (artifact id: '980131205c3ebb259facf52ef2f51ac1') in 0.003413 seconds 
========================================================================
Received Import Request.
  Time since last request: 5.041378 seconds.
  path: Assets/Art/Audio/Music
  artifactKey: Guid(336d264d4426ed24bbbf142d1b118d39) Importer(815301076,1909f56bfc062723c751e8b465ee728b)
Start importing Assets/Art/Audio/Music using Guid(336d264d4426ed24bbbf142d1b118d39) Importer(815301076,1909f56bfc062723c751e8b465ee728b)  -> (artifact id: '69ce6ce49bb7f5ed16ad5f3b08ab748d') in 0.003448 seconds 
========================================================================
Received Import Request.
  Time since last request: 4.361822 seconds.
  path: Assets/Art/Audio/SFX
  artifactKey: Guid(5304626d87feb6f4bb54f346b96edff1) Importer(815301076,1909f56bfc062723c751e8b465ee728b)
Start importing Assets/Art/Audio/SFX using Guid(5304626d87feb6f4bb54f346b96edff1) Importer(815301076,1909f56bfc062723c751e8b465ee728b)  -> (artifact id: 'c274c738c4dd5726b39d57e02793f874') in 0.003472 seconds 
========================================================================
Received Import Request.
  Time since last request: 12.649214 seconds.
  path: Assets/Prefabs
  artifactKey: Guid(5c8e6a26ec4b4f4498081daea247228a) Importer(815301076,1909f56bfc062723c751e8b465ee728b)
Start importing Assets/Prefabs using Guid(5c8e6a26ec4b4f4498081daea247228a) Importer(815301076,1909f56bfc062723c751e8b465ee728b)  -> (artifact id: '5eedf1185f3834cffd549db238a258ac') in 0.003430 seconds 
